<?xml version="1.0" encoding="UTF-8"?>
<!-- Generated by org.testng.reporters.JUnitReportReporter -->
<testsuite skipped="0" hostname="DESKTOP-3TMVG7F" name="sampleTests.ErailPNREnquiry" tests="1" failures="0" timestamp="31 Aug 2018 05:27:56 GMT" time="12.259" errors="0">
  <testcase name="checkPNRStatus" time="12.259" classname="sampleTests.ErailPNREnquiry"/>
</testsuite> <!-- sampleTests.ErailPNREnquiry -->
