<?xml version="1.0" encoding="UTF-8"?>
<!-- Generated by org.testng.reporters.JUnitReportReporter -->
<testsuite skipped="0" hostname="DESKTOP-3TMVG7F" name="testsTestNG.Grouping" tests="4" failures="0" timestamp="21 Aug 2018 17:12:24 GMT" time="0.047" errors="0">
  <testcase name="Car2" time="0.015" classname="testsTestNG.Grouping"/>
  <testcase name="Scooter1" time="0.000" classname="testsTestNG.Grouping"/>
  <testcase name="Scooter2" time="0.000" classname="testsTestNG.Grouping"/>
  <testcase name="Car1" time="0.032" classname="testsTestNG.Grouping"/>
</testsuite> <!-- testsTestNG.Grouping -->
