<?xml version="1.0" encoding="UTF-8"?>
<!-- Generated by org.testng.reporters.JUnitReportReporter -->
<testsuite skipped="0" hostname="DESKTOP-3TMVG7F" name="readWriteFile.DataProviderExample" tests="3" failures="0" timestamp="22 Aug 2018 14:30:03 GMT" time="0.016" errors="0">
  <testcase name="setData" time="0.000" classname="readWriteFile.DataProviderExample"/>
  <testcase name="setData" time="0.000" classname="readWriteFile.DataProviderExample"/>
  <testcase name="setData" time="0.016" classname="readWriteFile.DataProviderExample"/>
</testsuite> <!-- readWriteFile.DataProviderExample -->
