<?xml version="1.0" encoding="UTF-8"?>
<!-- Generated by org.testng.reporters.JUnitReportReporter -->
<testsuite skipped="3" hostname="DESKTOP-3TMVG7F" name="sampleTests.StaleElement" tests="4" failures="0" timestamp="14 Sep 2018 14:55:06 GMT" time="16.675" errors="0">
  <testcase name="checkBrokenLinks" time="16.675" classname="sampleTests.StaleElement"/>
  <testcase name="checkTextInPage" classname="sampleTests.StaleElement">
    <skipped/>
  </testcase> <!-- checkTextInPage -->
  <testcase name="getExe" classname="sampleTests.StaleElement">
    <skipped/>
  </testcase> <!-- getExe -->
  <testcase name="handleWindows" classname="sampleTests.StaleElement">
    <skipped/>
  </testcase> <!-- handleWindows -->
</testsuite> <!-- sampleTests.StaleElement -->
