<?xml version="1.0" encoding="UTF-8"?>
<!-- Generated by org.testng.reporters.JUnitReportReporter -->
<testsuite skipped="0" hostname="DESKTOP-3TMVG7F" name="testsTestNG.TestNG" tests="1" failures="0" timestamp="21 Aug 2018 15:16:10 GMT" time="55.581" errors="0">
  <testcase name="main" time="55.581" classname="testsTestNG.TestNG"/>
</testsuite> <!-- testsTestNG.TestNG -->
