<?xml version="1.0" encoding="UTF-8"?>
<!-- Generated by org.testng.reporters.JUnitReportReporter -->
<testsuite skipped="0" hostname="DESKTOP-3TMVG7F" name="testsTestNG.AnnotationSequence" tests="2" failures="0" timestamp="21 Aug 2018 15:16:10 GMT" time="0.001" errors="0">
  <testcase name="testCase1" time="0.001" classname="testsTestNG.AnnotationSequence"/>
  <testcase name="testCase2" time="0.000" classname="testsTestNG.AnnotationSequence"/>
</testsuite> <!-- testsTestNG.AnnotationSequence -->
