<?xml version="1.0" encoding="UTF-8"?>
<!-- Generated by org.testng.reporters.JUnitReportReporter -->
<testsuite skipped="0" hostname="DESKTOP-3TMVG7F" name="sampleTests.RightClass" tests="1" failures="0" timestamp="10 Aug 2018 16:09:52 GMT" time="14.037" errors="0">
  <testcase name="RightClickOn" time="14.037" classname="sampleTests.RightClass"/>
</testsuite> <!-- sampleTests.RightClass -->
