<?xml version="1.0" encoding="UTF-8"?>
<!-- Generated by org.testng.reporters.JUnitReportReporter -->
<testsuite skipped="0" hostname="DESKTOP-3TMVG7F" name="testsTestNG.MultipleTests" tests="4" failures="0" timestamp="21 Aug 2018 16:04:19 GMT" time="0.015" errors="0">
  <testcase name="Four" time="0.015" classname="testsTestNG.MultipleTests"/>
  <testcase name="Two" time="0.000" classname="testsTestNG.MultipleTests"/>
  <testcase name="One" time="0.000" classname="testsTestNG.MultipleTests"/>
  <testcase name="Three" time="0.000" classname="testsTestNG.MultipleTests"/>
</testsuite> <!-- testsTestNG.MultipleTests -->
